<?xml version="1.0" encoding="UTF-8"?>
<testsuite name="ParserTest" tests="1" skipped="0" failures="0" errors="0" timestamp="2020-02-18T19:50:12" hostname="xps-MacBook-Air.local" time="0.01">
  <properties/>
  <testcase name="test()" classname="ParserTest" time="0.01"/>
  <system-out><![CDATA[]]></system-out>
  <system-err><![CDATA[]]></system-err>
</testsuite>
